---------- Date: 2016-07-25 15:17:59 ~ IP : 127.0.0.1 ----------
REQUEST URI : /index.php?route=common/home
MOD DETAILS:
   modFile   : C:\OpenServer\domains\sv\www\vqmod/xml/all.install.ocmod.xml
   id        : 
   version   : OpenCart Version 2.2
   vqmver    : 2.0.0
   author    : Rupak Nepali

File Name    : catalog/view/theme/*/template/common/header.tpl(0)
VQModObject::applyMod - SEARCH NOT FOUND (ABORTING MOD): <ul class="nav navbar-nav">
----------------------------------------------------------------------


---------- Date: 2016-07-25 15:18:02 ~ IP : 127.0.0.1 ----------
REQUEST URI : /latest
MOD DETAILS:
   modFile   : C:\OpenServer\domains\sv\www\vqmod/xml/cosyone_theme.xml
   id        : cosyone theme
   version   : 1.0
   vqmver    : 2.X
   author    : Karl Pers - Openthemer.com

File Name    : catalog/controller/product/latest.php(2)
VQModObject::applyMod - SEARCH NOT FOUND (ABORTING MOD): 'special'     => $special,
----------------------------------------------------------------------


---------- Date: 2016-07-25 15:21:48 ~ IP : 127.0.0.1 ----------
REQUEST URI : /latest
MOD DETAILS:
   modFile   : C:\OpenServer\domains\sv\www\vqmod/xml/cosyone_theme.xml
   id        : cosyone theme
   version   : 1.0
   vqmver    : 2.X
   author    : Karl Pers - Openthemer.com

File Name    : catalog/controller/product/latest.php(2)
VQModObject::applyMod - SEARCH NOT FOUND (ABORTING MOD): 'special'     => $special,
MOD DETAILS:
   modFile   : C:\OpenServer\domains\sv\www\vqmod/xml/all.install.ocmod.xml
   id        : 
   version   : OpenCart Version 2.2
   vqmver    : 2.0.0
   author    : Rupak Nepali

File Name    : catalog/view/theme/*/template/common/header.tpl(0)
VQModObject::applyMod - SEARCH NOT FOUND (ABORTING MOD): <ul class="nav navbar-nav">
----------------------------------------------------------------------


---------- Date: 2016-07-25 15:22:11 ~ IP : 127.0.0.1 ----------
REQUEST URI : /latest
MOD DETAILS:
   modFile   : C:\OpenServer\domains\sv\www\vqmod/xml/cosyone_theme.xml
   id        : cosyone theme
   version   : 1.0
   vqmver    : 2.X
   author    : Karl Pers - Openthemer.com

File Name    : catalog/controller/product/latest.php(2)
VQModObject::applyMod - SEARCH NOT FOUND (ABORTING MOD): 'special'     => $special,
MOD DETAILS:
   modFile   : C:\OpenServer\domains\sv\www\vqmod/xml/all.install.ocmod.xml
   id        : 
   version   : OpenCart Version 2.2
   vqmver    : 2.0.0
   author    : Rupak Nepali

File Name    : catalog/view/theme/*/template/common/header.tpl(0)
VQModObject::applyMod - SEARCH NOT FOUND (ABORTING MOD): <ul class="nav navbar-nav">
----------------------------------------------------------------------


---------- Date: 2016-07-25 15:22:16 ~ IP : 127.0.0.1 ----------
REQUEST URI : /latest
MOD DETAILS:
   modFile   : C:\OpenServer\domains\sv\www\vqmod/xml/cosyone_theme.xml
   id        : cosyone theme
   version   : 1.0
   vqmver    : 2.X
   author    : Karl Pers - Openthemer.com

File Name    : catalog/controller/product/latest.php(2)
VQModObject::applyMod - SEARCH NOT FOUND (ABORTING MOD): 'special'     => $special,
MOD DETAILS:
   modFile   : C:\OpenServer\domains\sv\www\vqmod/xml/all.install.ocmod.xml
   id        : 
   version   : OpenCart Version 2.2
   vqmver    : 2.0.0
   author    : Rupak Nepali

File Name    : catalog/view/theme/*/template/common/header.tpl(0)
VQModObject::applyMod - SEARCH NOT FOUND (ABORTING MOD): <ul class="nav navbar-nav">
----------------------------------------------------------------------


---------- Date: 2016-07-25 15:22:20 ~ IP : 127.0.0.1 ----------
REQUEST URI : /latest
MOD DETAILS:
   modFile   : C:\OpenServer\domains\sv\www\vqmod/xml/cosyone_theme.xml
   id        : cosyone theme
   version   : 1.0
   vqmver    : 2.X
   author    : Karl Pers - Openthemer.com

File Name    : catalog/controller/product/latest.php(2)
VQModObject::applyMod - SEARCH NOT FOUND (ABORTING MOD): 'special'     => $special,
MOD DETAILS:
   modFile   : C:\OpenServer\domains\sv\www\vqmod/xml/all.install.ocmod.xml
   id        : 
   version   : OpenCart Version 2.2
   vqmver    : 2.0.0
   author    : Rupak Nepali

File Name    : catalog/view/theme/*/template/common/header.tpl(0)
VQModObject::applyMod - SEARCH NOT FOUND (ABORTING MOD): <ul class="nav navbar-nav">
----------------------------------------------------------------------


---------- Date: 2016-07-25 15:22:44 ~ IP : 127.0.0.1 ----------
REQUEST URI : /latest
MOD DETAILS:
   modFile   : C:\OpenServer\domains\sv\www\vqmod/xml/all.install.ocmod.xml
   id        : 
   version   : OpenCart Version 2.2
   vqmver    : 2.0.0
   author    : Rupak Nepali

File Name    : catalog/view/theme/*/template/common/header.tpl(0)
VQModObject::applyMod - SEARCH NOT FOUND (ABORTING MOD): <ul class="nav navbar-nav">
----------------------------------------------------------------------


---------- Date: 2016-07-25 15:22:51 ~ IP : 127.0.0.1 ----------
REQUEST URI : /latest
MOD DETAILS:
   modFile   : C:\OpenServer\domains\sv\www\vqmod/xml/cosyone_theme.xml
   id        : cosyone theme
   version   : 1.0
   vqmver    : 2.X
   author    : Karl Pers - Openthemer.com

File Name    : catalog/controller/product/latest.php(2)
VQModObject::applyMod - SEARCH NOT FOUND (ABORTING MOD): 'special'     => $special,
MOD DETAILS:
   modFile   : C:\OpenServer\domains\sv\www\vqmod/xml/all.install.ocmod.xml
   id        : 
   version   : OpenCart Version 2.2
   vqmver    : 2.0.0
   author    : Rupak Nepali

File Name    : catalog/view/theme/*/template/common/header.tpl(0)
VQModObject::applyMod - SEARCH NOT FOUND (ABORTING MOD): <ul class="nav navbar-nav">
----------------------------------------------------------------------


---------- Date: 2016-07-25 15:23:30 ~ IP : 127.0.0.1 ----------
REQUEST URI : /latest
MOD DETAILS:
   modFile   : C:\OpenServer\domains\sv\www\vqmod/xml/cosyone_theme.xml
   id        : cosyone theme
   version   : 1.0
   vqmver    : 2.X
   author    : Karl Pers - Openthemer.com

File Name    : catalog/controller/product/latest.php(2)
VQModObject::applyMod - SEARCH NOT FOUND (ABORTING MOD): 'special'     => $special,
MOD DETAILS:
   modFile   : C:\OpenServer\domains\sv\www\vqmod/xml/all.install.ocmod.xml
   id        : 
   version   : OpenCart Version 2.2
   vqmver    : 2.0.0
   author    : Rupak Nepali

File Name    : catalog/view/theme/*/template/common/header.tpl(0)
VQModObject::applyMod - SEARCH NOT FOUND (ABORTING MOD): <ul class="nav navbar-nav">
----------------------------------------------------------------------


---------- Date: 2016-07-25 15:24:56 ~ IP : 127.0.0.1 ----------
REQUEST URI : /latest
MOD DETAILS:
   modFile   : C:\OpenServer\domains\sv\www\vqmod/xml/cosyone_theme.xml
   id        : cosyone theme
   version   : 1.0
   vqmver    : 2.X
   author    : Karl Pers - Openthemer.com

File Name    : catalog/controller/product/latest.php(2)
VQModObject::applyMod - SEARCH NOT FOUND (ABORTING MOD): 'special'     => $special,
MOD DETAILS:
   modFile   : C:\OpenServer\domains\sv\www\vqmod/xml/all.install.ocmod.xml
   id        : 
   version   : OpenCart Version 2.2
   vqmver    : 2.0.0
   author    : Rupak Nepali

File Name    : catalog/view/theme/*/template/common/header.tpl(0)
VQModObject::applyMod - SEARCH NOT FOUND (ABORTING MOD): <ul class="nav navbar-nav">
----------------------------------------------------------------------


---------- Date: 2016-07-25 15:25:44 ~ IP : 127.0.0.1 ----------
REQUEST URI : /latest
MOD DETAILS:
   modFile   : C:\OpenServer\domains\sv\www\vqmod/xml/all.install.ocmod.xml
   id        : 
   version   : OpenCart Version 2.2
   vqmver    : 2.0.0
   author    : Rupak Nepali

File Name    : catalog/view/theme/*/template/common/header.tpl(0)
VQModObject::applyMod - SEARCH NOT FOUND (ABORTING MOD): <ul class="nav navbar-nav">
----------------------------------------------------------------------


---------- Date: 2016-07-25 15:25:58 ~ IP : 127.0.0.1 ----------
REQUEST URI : /latest
MOD DETAILS:
   modFile   : C:\OpenServer\domains\sv\www\vqmod/xml/all.install.ocmod.xml
   id        : 
   version   : OpenCart Version 2.2
   vqmver    : 2.0.0
   author    : Rupak Nepali

File Name    : catalog/view/theme/*/template/common/header.tpl(0)
VQModObject::applyMod - SEARCH NOT FOUND (ABORTING MOD): <ul class="nav navbar-nav">
----------------------------------------------------------------------


---------- Date: 2016-07-25 15:26:29 ~ IP : 127.0.0.1 ----------
REQUEST URI : /latest
MOD DETAILS:
   modFile   : C:\OpenServer\domains\sv\www\vqmod/xml/cosyone_theme.xml
   id        : cosyone theme
   version   : 1.0
   vqmver    : 2.X
   author    : Karl Pers - Openthemer.com

File Name    : catalog/controller/product/latest.php(2)
VQModObject::applyMod - SEARCH NOT FOUND (ABORTING MOD): 'special'     => $special,
MOD DETAILS:
   modFile   : C:\OpenServer\domains\sv\www\vqmod/xml/all.install.ocmod.xml
   id        : 
   version   : OpenCart Version 2.2
   vqmver    : 2.0.0
   author    : Rupak Nepali

File Name    : catalog/view/theme/*/template/common/header.tpl(0)
VQModObject::applyMod - SEARCH NOT FOUND (ABORTING MOD): <ul class="nav navbar-nav">
----------------------------------------------------------------------


---------- Date: 2016-07-25 15:44:50 ~ IP : 127.0.0.1 ----------
REQUEST URI : /latest
MOD DETAILS:
   modFile   : C:\OpenServer\domains\sv\www\vqmod/xml/cosyone_theme.xml
   id        : cosyone theme
   version   : 1.0
   vqmver    : 2.X
   author    : Karl Pers - Openthemer.com

File Name    : catalog/controller/product/latest.php(2)
VQModObject::applyMod - SEARCH NOT FOUND (ABORTING MOD): 'special'     => $special,
MOD DETAILS:
   modFile   : C:\OpenServer\domains\sv\www\vqmod/xml/all.install.ocmod.xml
   id        : 
   version   : OpenCart Version 2.2
   vqmver    : 2.0.0
   author    : Rupak Nepali

File Name    : catalog/view/theme/*/template/common/header.tpl(0)
VQModObject::applyMod - SEARCH NOT FOUND (ABORTING MOD): <ul class="nav navbar-nav">
----------------------------------------------------------------------


---------- Date: 2016-07-25 15:46:24 ~ IP : 127.0.0.1 ----------
REQUEST URI : /latest
MOD DETAILS:
   modFile   : C:\OpenServer\domains\sv\www\vqmod/xml/all.install.ocmod.xml
   id        : 
   version   : OpenCart Version 2.2
   vqmver    : 2.0.0
   author    : Rupak Nepali

File Name    : catalog/view/theme/*/template/common/header.tpl(0)
VQModObject::applyMod - SEARCH NOT FOUND (ABORTING MOD): <ul class="nav navbar-nav">
----------------------------------------------------------------------


