---------- Date: 2016-09-06 11:06:30 ~ IP : 127.0.0.1 ----------
REQUEST URI : /ru-ru
MOD DETAILS:
   modFile   : D:\OpenServer\domains\fyd.net\vqmod/xml/all.install.ocmod.xml
   id        : 
   version   : OpenCart Version 2.2
   vqmver    : 2.0.0
   author    : Rupak Nepali

File Name    : catalog/view/theme/*/template/common/header.tpl(0)
VQModObject::applyMod - SEARCH NOT FOUND (ABORTING MOD): <ul class="nav navbar-nav">
----------------------------------------------------------------------


---------- Date: 2016-09-06 15:00:28 ~ IP : 127.0.0.1 ----------
REQUEST URI : /index.php?route=error/not_found&_route_=ru-ru
MOD DETAILS:
   modFile   : D:\OpenServer\domains\fyd.net\vqmod/xml/all.install.ocmod.xml
   id        : 
   version   : OpenCart Version 2.2
   vqmver    : 2.0.0
   author    : Rupak Nepali

File Name    : catalog/view/theme/*/template/common/header.tpl(0)
VQModObject::applyMod - SEARCH NOT FOUND (ABORTING MOD): <ul class="nav navbar-nav">
----------------------------------------------------------------------


