---------- Date: 2016-09-29 10:54:28 ~ IP : 127.0.0.1 ----------
REQUEST URI : /shop?_route_=shop
MOD DETAILS:
   modFile   : D:\openserver\OpenServer\domains\fyd.net\vqmod/xml/all.install.ocmod.xml
   id        : 
   version   : OpenCart Version 2.2
   vqmver    : 2.0.0
   author    : Rupak Nepali

File Name    : catalog/view/theme/*/template/common/header.tpl(0)
VQModObject::applyMod - SEARCH NOT FOUND (ABORTING MOD): <ul class="nav navbar-nav">
----------------------------------------------------------------------


---------- Date: 2016-09-29 11:13:04 ~ IP : 127.0.0.1 ----------
REQUEST URI : /shop
MOD DETAILS:
   modFile   : D:\openserver\OpenServer\domains\fyd.net\vqmod/xml/all.install.ocmod.xml
   id        : 
   version   : OpenCart Version 2.2
   vqmver    : 2.0.0
   author    : Rupak Nepali

File Name    : catalog/view/theme/*/template/common/header.tpl(0)
VQModObject::applyMod - SEARCH NOT FOUND (ABORTING MOD): <ul class="nav navbar-nav">
----------------------------------------------------------------------


---------- Date: 2016-09-29 11:36:01 ~ IP : 127.0.0.1 ----------
REQUEST URI : /shop
MOD DETAILS:
   modFile   : D:\openserver\OpenServer\domains\fyd.net\vqmod/xml/all.install.ocmod.xml
   id        : 
   version   : OpenCart Version 2.2
   vqmver    : 2.0.0
   author    : Rupak Nepali

File Name    : catalog/view/theme/*/template/common/header.tpl(0)
VQModObject::applyMod - SEARCH NOT FOUND (ABORTING MOD): <ul class="nav navbar-nav">
----------------------------------------------------------------------


---------- Date: 2016-09-29 11:38:23 ~ IP : 127.0.0.1 ----------
REQUEST URI : /shop
MOD DETAILS:
   modFile   : D:\openserver\OpenServer\domains\fyd.net\vqmod/xml/all.install.ocmod.xml
   id        : 
   version   : OpenCart Version 2.2
   vqmver    : 2.0.0
   author    : Rupak Nepali

File Name    : catalog/view/theme/*/template/common/header.tpl(0)
VQModObject::applyMod - SEARCH NOT FOUND (ABORTING MOD): <ul class="nav navbar-nav">
----------------------------------------------------------------------


---------- Date: 2016-09-29 11:45:29 ~ IP : 127.0.0.1 ----------
REQUEST URI : /shop
MOD DETAILS:
   modFile   : D:\openserver\OpenServer\domains\fyd.net\vqmod/xml/mega_filter.xml
   id        : Mega Filter PRO
   version   : 1.5.x
   vqmver    : 2.4.0
   author    : marsilea15@gmail.com

File Name    : catalog/view/theme/*/template/product/category.tpl(1)
VQModObject::applyMod - SEARCH NOT FOUND (ABORTING MOD): <?php echo $content_top; ?>
----------------------------------------------------------------------


---------- Date: 2016-09-29 13:13:38 ~ IP : 127.0.0.1 ----------
REQUEST URI : /
MOD DETAILS:
   modFile   : D:\openserver\OpenServer\domains\fyd.net\vqmod/xml/all.install.ocmod.xml
   id        : 
   version   : OpenCart Version 2.2
   vqmver    : 2.0.0
   author    : Rupak Nepali

File Name    : catalog/view/theme/*/template/common/header.tpl(0)
VQModObject::applyMod - SEARCH NOT FOUND (ABORTING MOD): <ul class="nav navbar-nav">
----------------------------------------------------------------------


---------- Date: 2016-09-29 13:16:12 ~ IP : 127.0.0.1 ----------
REQUEST URI : /shop
MOD DETAILS:
   modFile   : D:\openserver\OpenServer\domains\fyd.net\vqmod/xml/mega_filter.xml
   id        : Mega Filter PRO
   version   : 1.5.x
   vqmver    : 2.4.0
   author    : marsilea15@gmail.com

File Name    : catalog/view/theme/*/template/product/category.tpl(1)
VQModObject::applyMod - SEARCH NOT FOUND (ABORTING MOD): <?php echo $content_top; ?>
----------------------------------------------------------------------


---------- Date: 2016-09-29 14:26:40 ~ IP : 127.0.0.1 ----------
REQUEST URI : /shop
MOD DETAILS:
   modFile   : D:\openserver\OpenServer\domains\fyd.net\vqmod/xml/all.install.ocmod.xml
   id        : 
   version   : OpenCart Version 2.2
   vqmver    : 2.0.0
   author    : Rupak Nepali

File Name    : catalog/view/theme/*/template/common/header.tpl(0)
VQModObject::applyMod - SEARCH NOT FOUND (ABORTING MOD): <ul class="nav navbar-nav">
----------------------------------------------------------------------


---------- Date: 2016-09-29 14:26:57 ~ IP : 127.0.0.1 ----------
REQUEST URI : /shop
MOD DETAILS:
   modFile   : D:\openserver\OpenServer\domains\fyd.net\vqmod/xml/all.install.ocmod.xml
   id        : 
   version   : OpenCart Version 2.2
   vqmver    : 2.0.0
   author    : Rupak Nepali

File Name    : catalog/view/theme/*/template/common/header.tpl(0)
VQModObject::applyMod - SEARCH NOT FOUND (ABORTING MOD): <ul class="nav navbar-nav">
----------------------------------------------------------------------


---------- Date: 2016-09-29 16:06:51 ~ IP : 127.0.0.1 ----------
REQUEST URI : /shop
MOD DETAILS:
   modFile   : D:\openserver\OpenServer\domains\fyd.net\vqmod/xml/mega_filter.xml
   id        : Mega Filter PRO
   version   : 1.5.x
   vqmver    : 2.4.0
   author    : marsilea15@gmail.com

File Name    : catalog/view/theme/*/template/product/category.tpl(0)
VQModObject::applyMod - SEARCH NOT FOUND (ABORTING MOD): echo $header; ?>
----------------------------------------------------------------------


